[00:24:41] [ServerMain/INFO]: [bootstrap] Running Java 21 (OpenJDK 64-Bit Server VM 21.0.7+6-Ubuntu-0ubuntu120.04; Ubuntu null) on Linux 6.8.0-1027-azure (amd64)
[00:24:41] [ServerMain/INFO]: [bootstrap] Loading Paper 1.21-130-master@b1b5d4c (2024-08-10T10:02:42Z) for Minecraft 1.21
[00:24:41] [ServerMain/INFO]: [PluginInitializerManager] Initializing plugins...
[00:24:41] [ServerMain/INFO]: [PluginInitializerManager] Initialized 3 plugins
[00:24:41] [ServerMain/INFO]: [PluginInitializerManager] Bukkit plugins (3):
 - Geyser-Spigot (2.7.1-SNAPSHOT), ViaVersion (5.3.2), floodgate (2.2.4-SNAPSHOT (b116-0e3163c))
[00:24:48] [ServerMain/INFO]: Environment: Environment[sessionHost=https://sessionserver.mojang.com, servicesHost=https://api.minecraftservices.com, name=PROD]
[00:24:50] [ServerMain/INFO]: Loaded 1290 recipes
[00:24:51] [ServerMain/INFO]: Loaded 1399 advancements
[00:24:51] [Server thread/INFO]: Starting minecraft server version 1.21
[00:24:51] [Server thread/INFO]: Loading properties
[00:24:51] [Server thread/INFO]: This server is running Paper version 1.21-130-master@b1b5d4c (2024-08-10T10:02:42Z) (Implementing API version 1.21-R0.1-SNAPSHOT)
[00:24:52] [Server thread/INFO]: [spark] This server bundles the spark profiler. For more information please visit https://docs.papermc.io/paper/profiling
[00:24:52] [Server thread/INFO]: Server Ping Player Sample Count: 12
[00:24:52] [Server thread/INFO]: Using 4 threads for Netty based IO
[00:24:53] [Server thread/INFO]: [ChunkTaskScheduler] Chunk system is using 1 I/O threads, 1 worker threads, and population gen parallelism of 1 threads
[00:24:54] [Server thread/INFO]: Default game type: SURVIVAL
[00:24:54] [Server thread/INFO]: Generating keypair
[00:24:54] [Server thread/INFO]: Starting Minecraft server on *:25565
[00:24:54] [Server thread/INFO]: Using epoll channel type
[00:24:54] [Server thread/INFO]: Paper: Using libdeflate (Linux x86_64) compression from Velocity.
[00:24:54] [Server thread/INFO]: Paper: Using OpenSSL 1.1.x (Linux x86_64) cipher from Velocity.
[00:24:56] [Server thread/INFO]: [floodgate] Loading server plugin floodgate v2.2.4-SNAPSHOT (b116-0e3163c)
[00:24:59] [Server thread/WARN]: [floodgate] en_ is not a supported Floodgate language.
[00:24:59] [Server thread/INFO]: [floodgate] Took 2,892ms to boot Floodgate
[00:24:59] [Server thread/INFO]: [ViaVersion] Loading server plugin ViaVersion v5.3.2
[00:24:59] [Server thread/INFO]: [ViaVersion] ViaVersion 5.3.2 is now loaded. Registering protocol transformers and injecting...
[00:25:01] [Via-Mappingloader-0/INFO]: [ViaVersion] Loading block connection mappings ...
[00:25:02] [Via-Mappingloader-0/INFO]: [ViaVersion] Using FastUtil Long2ObjectOpenHashMap for block connections
[00:25:03] [Server thread/INFO]: [Geyser-Spigot] Loading server plugin Geyser-Spigot v2.7.1-SNAPSHOT
[00:25:05] [Server thread/INFO]: [Geyser-Spigot] Loading extensions...
[00:25:05] [Server thread/INFO]: [Geyser-Spigot] Loaded 0 extension(s)
[00:25:05] [Server thread/INFO]: Server permissions file permissions.yml is empty, ignoring it
[00:25:05] [Server thread/WARN]: **** SERVER IS RUNNING IN OFFLINE/INSECURE MODE!
[00:25:05] [Server thread/WARN]: The server will make no attempt to authenticate usernames. Beware.
[00:25:05] [Server thread/WARN]: While this makes the game possible to play without internet access, it also opens up the ability for hackers to connect with any username they choose.
[00:25:05] [Server thread/WARN]: To change this, set "online-mode" to "true" in the server.properties file.
[00:25:05] [Server thread/INFO]: Preparing level "world"
[00:25:06] [Server thread/INFO]: Preparing start region for dimension minecraft:overworld
[00:25:09] [Server thread/INFO]: Time elapsed: 2397 ms
[00:25:09] [Server thread/INFO]: Preparing start region for dimension minecraft:the_nether
[00:25:09] [Server thread/INFO]: Time elapsed: 414 ms
[00:25:09] [Server thread/INFO]: Preparing start region for dimension minecraft:the_end
[00:25:09] [Server thread/INFO]: Time elapsed: 178 ms
[00:25:09] [Server thread/INFO]: [floodgate] Enabling floodgate v2.2.4-SNAPSHOT (b116-0e3163c)
[00:25:11] [Server thread/INFO]: [ViaVersion] Enabling ViaVersion v5.3.2
[00:25:11] [Server thread/INFO]: [ViaVersion] ViaVersion detected server version: 1.21-1.21.1 (767)
[00:25:11] [Server thread/INFO]: [Geyser-Spigot] Enabling Geyser-Spigot v2.7.1-SNAPSHOT
[00:25:12] [Server thread/INFO]: [spark] Starting background profiler...
[00:25:13] [Server thread/INFO]: [Geyser-Spigot] ******************************************
[00:25:13] [Server thread/INFO]: [Geyser-Spigot] 
[00:25:13] [Server thread/INFO]: [Geyser-Spigot] Loading Geyser version 2.7.1-b833 (git-master-d0be6d9)
[00:25:13] [Server thread/INFO]: [Geyser-Spigot] 
[00:25:13] [Server thread/INFO]: [Geyser-Spigot] ******************************************
[00:25:26] [epollEventLoopGroup-3-1/INFO]: [Geyser-Spigot] Started Geyser on UDP port 3190
[00:25:26] [Server thread/INFO]: [Geyser-Spigot] Done (13.025s)! Run /geyser help for help!
[00:25:26] [Server thread/INFO]: Done preparing level "world" (21.042s)
[00:25:26] [Server thread/INFO]: Running delayed init tasks
[00:25:26] [Server thread/INFO]: Done (47.146s)! For help, type "help"
[00:25:26] [Server thread/INFO]: Timings Reset
[00:25:26] [Craft Scheduler Thread - 5 - ViaVersion/INFO]: [ViaVersion] Finished mapping loading, shutting down loader executor.
[00:25:32] [User Authenticator #0/INFO]: UUID of player Taka_la is 0f21aac0-d49b-328e-90fe-0ebada7e3968
[00:25:33] [Server thread/INFO]: Taka_la joined the game
[00:25:34] [Server thread/INFO]: Taka_la[/127.226.207.163:52629] logged in with entity id 70 at ([world]16.024772030274725, 67.0, 8.699999988079071)
[00:25:39] [epollEventLoopGroup-4-1/INFO]: [Geyser-Spigot] Player connected with username Dangerous3945
[00:25:39] [localSession-7-2/INFO]: [Geyser-Spigot] Dangerous3945 (logged in as: Dangerous3945) has connected to the Java server
[00:25:39] [Server thread/INFO]: [floodgate] Floodgate player logged in as .Dangerous3945 joined (UUID: 00000000-0000-0000-0009-01f1f6eff097)
[00:25:40] [Server thread/INFO]: .Dangerous3945 joined the game
[00:25:40] [Server thread/INFO]: .Dangerous3945[/127.0.0.1:0] logged in with entity id 282 at ([world]14.5, 72.0, 8.5)
[00:25:40] [Server thread/WARN]: Can't keep up! Is the server overloaded? Running 2510ms or 50 ticks behind
[00:26:37] [Server thread/INFO]: Unknown or incomplete command, see below for error
/op .Dangerous3945<--[HERE]
[00:26:43] [Server thread/INFO]: Made .Dangerous3945 a server operator
[00:27:19] [Server thread/INFO]: .Dangerous3945 issued server command: /gamemode creative .Dangerous3945
[00:27:19] [Server thread/INFO]: [.Dangerous3945: Set own game mode to Creative Mode]
[00:28:30] [Server thread/INFO]: Stopping the server
[00:28:30] [Server thread/INFO]: Stopping server
[00:28:30] [Server thread/INFO]: [Geyser-Spigot] Disabling Geyser-Spigot v2.7.1-SNAPSHOT
[00:28:30] [Server thread/INFO]: [Geyser-Spigot] Shutting down Geyser.
[00:28:30] [Server thread/INFO]: [Geyser-Spigot] Kicking 1 player(s)
[00:28:30] [Server thread/INFO]: [Geyser-Spigot] Dangerous3945 has disconnected from the Java server because of Apagando el proxy de Geyser.
[00:28:30] [Server thread/INFO]: [Geyser-Spigot] Kicked all players!
[00:28:30] [Geyser Spigot connection thread-6-3/INFO]: [floodgate] Floodgate player logged in as .Dangerous3945 disconnected
[00:28:30] [Server thread/INFO]: [Geyser-Spigot] Geyser shutdown successfully.
[00:28:30] [Server thread/INFO]: [ViaVersion] Disabling ViaVersion v5.3.2
[00:28:30] [Server thread/INFO]: [ViaVersion] ViaVersion has been disabled; uninjected the platform and shut down the scheduler.
[00:28:30] [Server thread/INFO]: [floodgate] Disabling floodgate v2.2.4-SNAPSHOT (b116-0e3163c)
[00:28:30] [Server thread/INFO]: Saving players
[00:28:30] [Server thread/INFO]: Taka_la lost connection: Server closed
[00:28:30] [Server thread/INFO]: Taka_la left the game
[00:28:30] [Server thread/INFO]: .Dangerous3945 lost connection: Server closed
[00:28:30] [Server thread/INFO]: .Dangerous3945 left the game
[00:28:30] [WebSocketConnectReadThread-85/INFO]: [Geyser-Spigot] The skin uploader has been closed
[00:28:30] [Server thread/INFO]: Saving worlds
[00:28:30] [Server thread/INFO]: Saving chunks for level 'ServerLevel[world]'/minecraft:overworld
[00:28:30] [Server thread/INFO]: [ChunkHolderManager] Waiting 60s for chunk system to halt for world 'world'
[00:28:30] [Server thread/INFO]: [ChunkHolderManager] Halted chunk system for world 'world'
[00:28:30] [Server thread/INFO]: [ChunkHolderManager] Saving all chunkholders for world 'world'
[00:28:33] [Server thread/INFO]: [ChunkHolderManager] Saved 1421 block chunks, 753 entity chunks, 2 poi chunks in world 'world' in 2.71s
[00:28:33] [Server thread/INFO]: Saving chunks for level 'ServerLevel[world_nether]'/minecraft:the_nether
[00:28:33] [Server thread/INFO]: [ChunkHolderManager] Waiting 60s for chunk system to halt for world 'world_nether'
[00:28:33] [Server thread/INFO]: [ChunkHolderManager] Halted chunk system for world 'world_nether'
[00:28:33] [Server thread/INFO]: [ChunkHolderManager] Saving all chunkholders for world 'world_nether'
[00:28:33] [Server thread/INFO]: [ChunkHolderManager] Saved 49 block chunks, 49 entity chunks, 0 poi chunks in world 'world_nether' in 0.11s
[00:28:33] [Server thread/INFO]: Saving chunks for level 'ServerLevel[world_the_end]'/minecraft:the_end
[00:28:33] [Server thread/INFO]: [ChunkHolderManager] Waiting 60s for chunk system to halt for world 'world_the_end'
[00:28:33] [Server thread/INFO]: [ChunkHolderManager] Halted chunk system for world 'world_the_end'
[00:28:33] [Server thread/INFO]: [ChunkHolderManager] Saving all chunkholders for world 'world_the_end'
[00:28:33] [Server thread/INFO]: [ChunkHolderManager] Saved 49 block chunks, 49 entity chunks, 0 poi chunks in world 'world_the_end' in 0.03s
[00:28:33] [Server thread/INFO]: ThreadedAnvilChunkStorage (world): All chunks are saved
[00:28:33] [Server thread/INFO]: ThreadedAnvilChunkStorage (DIM-1): All chunks are saved
[00:28:33] [Server thread/INFO]: ThreadedAnvilChunkStorage (DIM1): All chunks are saved
[00:28:33] [Server thread/INFO]: ThreadedAnvilChunkStorage: All dimensions are saved
